<?xml version="1.0" encoding="UTF-8"?>
<!-- Generated by org.testng.reporters.JUnitReportReporter -->
<testsuite hostname="LIN22002678" failures="0" tests="1" name="com.sachin.test.TestCaseUsingPOM" time="2.078" errors="0" timestamp="07 May 2020 17:25:45 GMT" skipped="0">
  <testcase classname="com.sachin.test.TestCaseUsingPOM" name="testLoginAndThenHomePage" time="2.078"/>
</testsuite> <!-- com.sachin.test.TestCaseUsingPOM -->
