<?xml version="1.0" encoding="UTF-8"?>
<!-- Generated by org.testng.reporters.JUnitReportReporter -->
<testsuite skipped="0" hostname="LIN22002678" name="com.sachin.test.TestCaseUsingPageFactory" tests="1" failures="0" timestamp="25 Sep 2018 11:37:24 GMT" time="3.900" errors="0">
  <testcase name="testLoginAndThenHomePageUsingPageFactory" time="3.900" classname="com.sachin.test.TestCaseUsingPageFactory"/>
</testsuite> <!-- com.sachin.test.TestCaseUsingPageFactory -->
