<?xml version="1.0" encoding="UTF-8"?>
<!-- Generated by org.testng.reporters.JUnitReportReporter -->
<testsuite hostname="LIN22002678" failures="0" tests="1" name="com.sachin.test.TestCaseUsingPOM" time="1.923" errors="0" timestamp="7 May 2020 17:23:31 GMT">
  <testcase classname="com.sachin.test.TestCaseUsingPOM" name="testLoginAndThenHomePage" time="1.923"/>
</testsuite> <!-- com.sachin.test.TestCaseUsingPOM -->
